<?xml version="1.0" encoding="UTF-8"?>
<!-- Generated by org.testng.reporters.JUnitXMLReporter -->
<testsuite hostname="Mirs-MacBook-Pro-2.local" ignored="0" name="Nopackage" tests="1" failures="1" timestamp="13 Mar 2022 00:38:20 GMT" time="6.374" errors="0">
  <testcase name="feature" time="6.059" classname="cucumber.api.testng.AbstractTestNGCucumberTests">
    <failure type="cucumber.runtime.CucumberException" message="java.lang.AssertionError: expected [OrangeHRMs] but found [OrangeHRM]">
      <![CDATA[cucumber.runtime.CucumberException: java.lang.AssertionError: expected [OrangeHRMs] but found [OrangeHRM]
at cucumber.api.testng.TestNGCucumberRunner.runCucumber(TestNGCucumberRunner.java:69)
at cucumber.api.testng.AbstractTestNGCucumberTests.feature(AbstractTestNGCucumberTests.java:21)
Caused by: java.lang.AssertionError: expected [OrangeHRMs] but found [OrangeHRM]
at orange.ny.stepdef.LoginStepDefTest.user_able_to_verify_successfully_login_verify_the_homepage_title(LoginStepDefTest.java:42)
at âœ½.Then User able to verify successfully login & verify the homepage title(loginFunction.feature:14)
... Removed 31 stack frames]]>
    </failure>
  </testcase> <!-- feature -->
</testsuite> <!-- Nopackage -->
